E:\学习\VC++实验\VC_experiment\DC_ex\DC_ex\Debug\cl.command.1.tlog
E:\学习\VC++实验\VC_experiment\DC_ex\DC_ex\Debug\CL.read.1.tlog
E:\学习\VC++实验\VC_experiment\DC_ex\DC_ex\Debug\CL.write.1.tlog
E:\学习\VC++实验\VC_EXPERIMENT\DC_EX\DC_EX\DEBUG\DC_.OBJ
E:\学习\VC++实验\VC_EXPERIMENT\DC_EX\DC_EX\DEBUG\DC_EX.EXE.EMBED.MANIFEST
E:\学习\VC++实验\VC_EXPERIMENT\DC_EX\DC_EX\DEBUG\DC_EX.EXE.EMBED.MANIFEST.RES
E:\学习\VC++实验\VC_EXPERIMENT\DC_EX\DC_EX\DEBUG\DC_EX.EXE.INTERMEDIATE.MANIFEST
E:\学习\VC++实验\VC_EXPERIMENT\DC_EX\DC_EX\DEBUG\DC_EX.OBJ
E:\学习\VC++实验\VC_EXPERIMENT\DC_EX\DC_EX\DEBUG\DC_EX.PCH
E:\学习\VC++实验\VC_EXPERIMENT\DC_EX\DC_EX\DEBUG\DC_EX.RES
E:\学习\VC++实验\VC_experiment\DC_ex\DC_ex\Debug\DC_ex.write.1.tlog
E:\学习\VC++实验\VC_experiment\DC_ex\DC_ex\Debug\DC_ex_manifest.rc
E:\学习\VC++实验\VC_EXPERIMENT\DC_EX\DC_EX\DEBUG\DC_EXDOC.OBJ
E:\学习\VC++实验\VC_EXPERIMENT\DC_EX\DC_EX\DEBUG\DC_EXVIEW.OBJ
E:\学习\VC++实验\VC_experiment\DC_ex\DC_ex\Debug\link.command.1.tlog
E:\学习\VC++实验\VC_experiment\DC_ex\DC_ex\Debug\link.read.1.tlog
E:\学习\VC++实验\VC_experiment\DC_ex\DC_ex\Debug\link.write.1.tlog
E:\学习\VC++实验\VC_experiment\DC_ex\DC_ex\Debug\link-cvtres.read.1.tlog
E:\学习\VC++实验\VC_experiment\DC_ex\DC_ex\Debug\link-cvtres.write.1.tlog
E:\学习\VC++实验\VC_EXPERIMENT\DC_EX\DC_EX\DEBUG\MAINFRM.OBJ
E:\学习\VC++实验\VC_experiment\DC_ex\DC_ex\Debug\mt.command.1.tlog
E:\学习\VC++实验\VC_experiment\DC_ex\DC_ex\Debug\mt.read.1.tlog
E:\学习\VC++实验\VC_experiment\DC_ex\DC_ex\Debug\mt.write.1.tlog
E:\学习\VC++实验\VC_experiment\DC_ex\DC_ex\Debug\rc.command.1.tlog
E:\学习\VC++实验\VC_experiment\DC_ex\DC_ex\Debug\rc.read.1.tlog
E:\学习\VC++实验\VC_experiment\DC_ex\DC_ex\Debug\rc.write.1.tlog
E:\学习\VC++实验\VC_EXPERIMENT\DC_EX\DC_EX\DEBUG\STDAFX.OBJ
E:\学习\VC++实验\VC_experiment\DC_ex\DC_ex\Debug\vc100.idb
E:\学习\VC++实验\VC_EXPERIMENT\DC_EX\DC_EX\DEBUG\VC100.PDB
E:\学习\VC++实验\VC_EXPERIMENT\DC_EX\DEBUG\DC_EX.EXE
E:\学习\VC++实验\VC_EXPERIMENT\DC_EX\DEBUG\DC_EX.ILK
E:\学习\VC++实验\VC_EXPERIMENT\DC_EX\DEBUG\DC_EX.PDB
